<?xml version="1.0" encoding="UTF-8"?>
<!-- Generated by org.testng.reporters.JUnitXMLReporter -->
<testsuite hostname="NODE923" ignored="0" name="Account" tests="6" failures="0" timestamp="06 Apr 2019 03:01:34 GMT" time="69.644" errors="0">
  <testcase name="runlogin" time="3.838" classname="com.aperture.testcases.Add_Account_Test">
    <skipped/>
  </testcase> <!-- runlogin -->
  <testcase name="runlogin" time="8.955" classname="com.aperture.testcases.Add_Account_Test"/>
  <testcase name="navigate_To_Account" time="0.241" classname="com.aperture.testcases.Add_Account_Test"/>
  <testcase name="fetchdatafromexcel" time="0.005" classname="com.aperture.testcases.Add_Account_Test"/>
  <testcase name="fetchdatafromexcel" time="0.003" classname="com.aperture.testcases.Add_Account_Test"/>
  <testcase name="createAccountPositiveCase" time="43.607" classname="com.aperture.testcases.Add_Account_Test"/>
</testsuite> <!-- Account -->
