<?xml version="1.0" encoding="UTF-8"?>
<!-- Generated by org.testng.reporters.JUnitXMLReporter -->
<testsuite hostname="NODE923" ignored="0" name="Login" tests="2" failures="0" timestamp="02 Apr 2019 07:41:37 GMT" time="27.997" errors="0">
  <testcase name="loginTest" time="4.304" classname="com.aperture.testcases.LoginPage_Test">
    <skipped/>
  </testcase> <!-- loginTest -->
  <testcase name="loginTest" time="8.92" classname="com.aperture.testcases.LoginPage_Test"/>
</testsuite> <!-- Login -->
