<?xml version="1.0" encoding="UTF-8"?>
<!-- Generated by org.testng.reporters.JUnitXMLReporter -->
<testsuite hostname="DESKTOP-8EBI41B" ignored="0" name="Timesheet 2" tests="6" failures="0" timestamp="28 Apr 2019 14:56:45 GMT" time="36.991" errors="0">
  <testcase name="runlogin" time="3.216" classname="com.aperture.testcases.CheckHoursInTimesheet_Test">
    <skipped/>
  </testcase> <!-- runlogin -->
  <testcase name="runlogin" time="9.216" classname="com.aperture.testcases.CheckHoursInTimesheet_Test"/>
  <testcase name="navigate_To_TimeSheet" time="0.14" classname="com.aperture.testcases.CheckHoursInTimesheet_Test">
    <skipped/>
  </testcase> <!-- navigate_To_TimeSheet -->
  <testcase name="navigate_To_TimeSheet" time="0.198" classname="com.aperture.testcases.CheckHoursInTimesheet_Test"/>
  <testcase name="searchEmptyTimesheet" time="2.951" classname="com.aperture.testcases.CheckHoursInTimesheet_Test"/>
  <testcase name="hoursEqualToZero" time="0.0" classname="com.aperture.testcases.CheckHoursInTimesheet_Test">
    <skipped/>
  </testcase> <!-- hoursEqualToZero -->
</testsuite> <!-- Timesheet 2 -->
